c:\users\first\documents\visual studio 2015\projects\progproject2\progproject2\debug\vc140.pdb
c:\users\first\documents\visual studio 2015\projects\progproject2\progproject2\debug\vc140.idb
c:\users\first\documents\visual studio 2015\projects\progproject2\progproject2\debug\progproject2.obj
c:\users\first\documents\visual studio 2015\projects\progproject2\progproject2\debug\stdafx.obj
c:\users\first\documents\visual studio 2015\projects\progproject2\debug\progproject2.pdb
c:\users\first\documents\visual studio 2015\projects\progproject2\progproject2\debug\progproject2.tlog\cl.command.1.tlog
c:\users\first\documents\visual studio 2015\projects\progproject2\progproject2\debug\progproject2.tlog\cl.read.1.tlog
c:\users\first\documents\visual studio 2015\projects\progproject2\progproject2\debug\progproject2.tlog\cl.write.1.tlog
c:\users\first\documents\visual studio 2015\projects\progproject2\progproject2\debug\progproject2.tlog\link-cvtres.read.1.tlog
c:\users\first\documents\visual studio 2015\projects\progproject2\progproject2\debug\progproject2.tlog\link-cvtres.write.1.tlog
c:\users\first\documents\visual studio 2015\projects\progproject2\progproject2\debug\progproject2.tlog\link-rc.read.1.tlog
c:\users\first\documents\visual studio 2015\projects\progproject2\progproject2\debug\progproject2.tlog\link-rc.write.1.tlog
c:\users\first\documents\visual studio 2015\projects\progproject2\progproject2\debug\progproject2.tlog\link.7536-cvtres.read.1.tlog
c:\users\first\documents\visual studio 2015\projects\progproject2\progproject2\debug\progproject2.tlog\link.7536-cvtres.write.1.tlog
c:\users\first\documents\visual studio 2015\projects\progproject2\progproject2\debug\progproject2.tlog\link.7536-rc.read.1.tlog
c:\users\first\documents\visual studio 2015\projects\progproject2\progproject2\debug\progproject2.tlog\link.7536-rc.write.1.tlog
c:\users\first\documents\visual studio 2015\projects\progproject2\progproject2\debug\progproject2.tlog\link.7536.read.1.tlog
c:\users\first\documents\visual studio 2015\projects\progproject2\progproject2\debug\progproject2.tlog\link.7536.write.1.tlog
c:\users\first\documents\visual studio 2015\projects\progproject2\progproject2\debug\progproject2.tlog\link.command.1.tlog
c:\users\first\documents\visual studio 2015\projects\progproject2\progproject2\debug\progproject2.tlog\link.read.1.tlog
c:\users\first\documents\visual studio 2015\projects\progproject2\progproject2\debug\progproject2.tlog\link.write.1.tlog
